{"C:\\Users\\sai\\Desktop\\New folder\\Reduxproject\\reduxWebsite\\src\\App.jsx": {"path":"C:\\Users\\sai\\Desktop\\New folder\\Reduxproject\\reduxWebsite\\src\\App.jsx","statementMap":{"0":{"start":{"line":14,"column":18},"end":{"line":23,"column":1}},"1":{"start":{"line":15,"column":2},"end":{"line":22,"column":4}},"2":{"start":{"line":25,"column":22},"end":{"line":53,"column":2}}},"fnMap":{"0":{"name":"(anonymous_0)","decl":{"start":{"line":14,"column":18},"end":{"line":14,"column":19}},"loc":{"start":{"line":14,"column":24},"end":{"line":23,"column":1}},"line":14}},"branchMap":{},"s":{"0":0,"1":0,"2":0},"f":{"0":0},"b":{}}
,"C:\\Users\\sai\\Desktop\\New folder\\Reduxproject\\reduxWebsite\\src\\main.jsx": {"path":"C:\\Users\\sai\\Desktop\\New folder\\Reduxproject\\reduxWebsite\\src\\main.jsx","statementMap":{"0":{"start":{"line":10,"column":0},"end":{"line":18,"column":2}}},"fnMap":{},"branchMap":{},"s":{"0":0},"f":{},"b":{}}
,"C:\\Users\\sai\\Desktop\\New folder\\Reduxproject\\reduxWebsite\\src\\api\\api.js": {"path":"C:\\Users\\sai\\Desktop\\New folder\\Reduxproject\\reduxWebsite\\src\\api\\api.js","statementMap":{},"fnMap":{},"branchMap":{},"s":{},"f":{},"b":{}}
,"C:\\Users\\sai\\Desktop\\New folder\\Reduxproject\\reduxWebsite\\src\\containers\\About.jsx": {"path":"C:\\Users\\sai\\Desktop\\New folder\\Reduxproject\\reduxWebsite\\src\\containers\\About.jsx","statementMap":{"0":{"start":{"line":4,"column":2},"end":{"line":6,"column":3}}},"fnMap":{"0":{"name":"About","decl":{"start":{"line":3,"column":9},"end":{"line":3,"column":14}},"loc":{"start":{"line":3,"column":17},"end":{"line":7,"column":1}},"line":3}},"branchMap":{},"s":{"0":0},"f":{"0":0},"b":{}}
,"C:\\Users\\sai\\Desktop\\New folder\\Reduxproject\\reduxWebsite\\src\\containers\\ErrorPage.jsx": {"path":"C:\\Users\\sai\\Desktop\\New folder\\Reduxproject\\reduxWebsite\\src\\containers\\ErrorPage.jsx","statementMap":{"0":{"start":{"line":5,"column":16},"end":{"line":5,"column":31}},"1":{"start":{"line":6,"column":2},"end":{"line":6,"column":23}},"2":{"start":{"line":8,"column":2},"end":{"line":16,"column":4}}},"fnMap":{"0":{"name":"ErrorPage","decl":{"start":{"line":4,"column":24},"end":{"line":4,"column":33}},"loc":{"start":{"line":4,"column":36},"end":{"line":17,"column":1}},"line":4}},"branchMap":{"0":{"loc":{"start":{"line":13,"column":12},"end":{"line":13,"column":45}},"type":"binary-expr","locations":[{"start":{"line":13,"column":12},"end":{"line":13,"column":28}},{"start":{"line":13,"column":32},"end":{"line":13,"column":45}}],"line":13}},"s":{"0":0,"1":0,"2":0},"f":{"0":0},"b":{"0":[0,0]}}
,"C:\\Users\\sai\\Desktop\\New folder\\Reduxproject\\reduxWebsite\\src\\containers\\Footer.jsx": {"path":"C:\\Users\\sai\\Desktop\\New folder\\Reduxproject\\reduxWebsite\\src\\containers\\Footer.jsx","statementMap":{"0":{"start":{"line":4,"column":2},"end":{"line":6,"column":3}}},"fnMap":{"0":{"name":"Footer","decl":{"start":{"line":3,"column":9},"end":{"line":3,"column":15}},"loc":{"start":{"line":3,"column":18},"end":{"line":7,"column":1}},"line":3}},"branchMap":{},"s":{"0":0},"f":{"0":0},"b":{}}
,"C:\\Users\\sai\\Desktop\\New folder\\Reduxproject\\reduxWebsite\\src\\containers\\Header.jsx": {"path":"C:\\Users\\sai\\Desktop\\New folder\\Reduxproject\\reduxWebsite\\src\\containers\\Header.jsx","statementMap":{"0":{"start":{"line":10,"column":2},"end":{"line":46,"column":4}}},"fnMap":{"0":{"name":"Header","decl":{"start":{"line":9,"column":9},"end":{"line":9,"column":15}},"loc":{"start":{"line":9,"column":18},"end":{"line":47,"column":1}},"line":9}},"branchMap":{},"s":{"0":0},"f":{"0":0},"b":{}}
,"C:\\Users\\sai\\Desktop\\New folder\\Reduxproject\\reduxWebsite\\src\\containers\\ProductComponent.jsx": {"path":"C:\\Users\\sai\\Desktop\\New folder\\Reduxproject\\reduxWebsite\\src\\containers\\ProductComponent.jsx","statementMap":{"0":{"start":{"line":7,"column":0},"end":{"line":7,"column":21}},"1":{"start":{"line":10,"column":21},"end":{"line":35,"column":4}},"2":{"start":{"line":11,"column":4},"end":{"line":34,"column":6}},"3":{"start":{"line":36,"column":2},"end":{"line":37,"column":53}}},"fnMap":{"0":{"name":"ProductComponent","decl":{"start":{"line":6,"column":9},"end":{"line":6,"column":25}},"loc":{"start":{"line":6,"column":38},"end":{"line":38,"column":1}},"line":6},"1":{"name":"(anonymous_1)","decl":{"start":{"line":10,"column":35},"end":{"line":10,"column":36}},"loc":{"start":{"line":10,"column":48},"end":{"line":35,"column":3}},"line":10}},"branchMap":{},"s":{"0":0,"1":0,"2":0,"3":0},"f":{"0":0,"1":0},"b":{}}
,"C:\\Users\\sai\\Desktop\\New folder\\Reduxproject\\reduxWebsite\\src\\containers\\ProductDetail.jsx": {"path":"C:\\Users\\sai\\Desktop\\New folder\\Reduxproject\\reduxWebsite\\src\\containers\\ProductDetail.jsx","statementMap":{"0":{"start":{"line":13,"column":17},"end":{"line":13,"column":28}},"1":{"start":{"line":14,"column":18},"end":{"line":14,"column":55}},"2":{"start":{"line":14,"column":41},"end":{"line":14,"column":54}},"3":{"start":{"line":15,"column":2},"end":{"line":15,"column":27}},"4":{"start":{"line":16,"column":19},"end":{"line":16,"column":32}},"5":{"start":{"line":18,"column":23},"end":{"line":23,"column":3}},"6":{"start":{"line":19,"column":20},"end":{"line":21,"column":39}},"7":{"start":{"line":21,"column":22},"end":{"line":21,"column":38}},"8":{"start":{"line":22,"column":4},"end":{"line":22,"column":45}},"9":{"start":{"line":25,"column":2},"end":{"line":31,"column":11}},"10":{"start":{"line":26,"column":4},"end":{"line":26,"column":40}},"11":{"start":{"line":26,"column":25},"end":{"line":26,"column":40}},"12":{"start":{"line":28,"column":4},"end":{"line":30,"column":6}},"13":{"start":{"line":29,"column":6},"end":{"line":29,"column":40}},"14":{"start":{"line":34,"column":2},"end":{"line":55,"column":4}}},"fnMap":{"0":{"name":"ProductDetail","decl":{"start":{"line":12,"column":9},"end":{"line":12,"column":22}},"loc":{"start":{"line":12,"column":25},"end":{"line":56,"column":1}},"line":12},"1":{"name":"(anonymous_1)","decl":{"start":{"line":14,"column":30},"end":{"line":14,"column":31}},"loc":{"start":{"line":14,"column":41},"end":{"line":14,"column":54}},"line":14},"2":{"name":"(anonymous_2)","decl":{"start":{"line":18,"column":23},"end":{"line":18,"column":24}},"loc":{"start":{"line":18,"column":35},"end":{"line":23,"column":3}},"line":18},"3":{"name":"(anonymous_3)","decl":{"start":{"line":21,"column":13},"end":{"line":21,"column":14}},"loc":{"start":{"line":21,"column":22},"end":{"line":21,"column":38}},"line":21},"4":{"name":"(anonymous_4)","decl":{"start":{"line":25,"column":12},"end":{"line":25,"column":13}},"loc":{"start":{"line":25,"column":18},"end":{"line":31,"column":3}},"line":25},"5":{"name":"(anonymous_5)","decl":{"start":{"line":28,"column":11},"end":{"line":28,"column":12}},"loc":{"start":{"line":28,"column":17},"end":{"line":30,"column":5}},"line":28}},"branchMap":{"0":{"loc":{"start":{"line":26,"column":4},"end":{"line":26,"column":40}},"type":"if","locations":[{"start":{"line":26,"column":4},"end":{"line":26,"column":40}},{"start":{},"end":{}}],"line":26},"1":{"loc":{"start":{"line":26,"column":8},"end":{"line":26,"column":23}},"type":"binary-expr","locations":[{"start":{"line":26,"column":8},"end":{"line":26,"column":10}},{"start":{"line":26,"column":14},"end":{"line":26,"column":23}}],"line":26},"2":{"loc":{"start":{"line":36,"column":7},"end":{"line":53,"column":7}},"type":"cond-expr","locations":[{"start":{"line":37,"column":8},"end":{"line":39,"column":14}},{"start":{"line":41,"column":8},"end":{"line":52,"column":14}}],"line":36}},"s":{"0":0,"1":0,"2":0,"3":0,"4":0,"5":0,"6":0,"7":0,"8":0,"9":0,"10":0,"11":0,"12":0,"13":0,"14":0},"f":{"0":0,"1":0,"2":0,"3":0,"4":0,"5":0},"b":{"0":[0,0],"1":[0,0],"2":[0,0]}}
,"C:\\Users\\sai\\Desktop\\New folder\\Reduxproject\\reduxWebsite\\src\\containers\\ProductListing.jsx": {"path":"C:\\Users\\sai\\Desktop\\New folder\\Reduxproject\\reduxWebsite\\src\\containers\\ProductListing.jsx","statementMap":{"0":{"start":{"line":11,"column":19},"end":{"line":11,"column":78}},"1":{"start":{"line":11,"column":42},"end":{"line":11,"column":77}},"2":{"start":{"line":12,"column":32},"end":{"line":12,"column":46}},"3":{"start":{"line":13,"column":19},"end":{"line":13,"column":32}},"4":{"start":{"line":14,"column":24},"end":{"line":24,"column":3}},"5":{"start":{"line":15,"column":4},"end":{"line":15,"column":21}},"6":{"start":{"line":16,"column":21},"end":{"line":20,"column":8}},"7":{"start":{"line":19,"column":8},"end":{"line":19,"column":32}},"8":{"start":{"line":21,"column":4},"end":{"line":21,"column":41}},"9":{"start":{"line":22,"column":4},"end":{"line":22,"column":22}},"10":{"start":{"line":23,"column":4},"end":{"line":23,"column":43}},"11":{"start":{"line":26,"column":2},"end":{"line":28,"column":9}},"12":{"start":{"line":27,"column":4},"end":{"line":27,"column":20}},"13":{"start":{"line":30,"column":2},"end":{"line":30,"column":36}},"14":{"start":{"line":31,"column":2},"end":{"line":33,"column":3}},"15":{"start":{"line":32,"column":4},"end":{"line":32,"column":23}},"16":{"start":{"line":34,"column":2},"end":{"line":38,"column":4}}},"fnMap":{"0":{"name":"ProductListing","decl":{"start":{"line":10,"column":9},"end":{"line":10,"column":23}},"loc":{"start":{"line":10,"column":26},"end":{"line":39,"column":1}},"line":10},"1":{"name":"(anonymous_1)","decl":{"start":{"line":11,"column":31},"end":{"line":11,"column":32}},"loc":{"start":{"line":11,"column":42},"end":{"line":11,"column":77}},"line":11},"2":{"name":"(anonymous_2)","decl":{"start":{"line":14,"column":24},"end":{"line":14,"column":25}},"loc":{"start":{"line":14,"column":36},"end":{"line":24,"column":3}},"line":14},"3":{"name":"(anonymous_3)","decl":{"start":{"line":18,"column":13},"end":{"line":18,"column":14}},"loc":{"start":{"line":18,"column":22},"end":{"line":20,"column":7}},"line":18},"4":{"name":"(anonymous_4)","decl":{"start":{"line":26,"column":12},"end":{"line":26,"column":13}},"loc":{"start":{"line":26,"column":18},"end":{"line":28,"column":3}},"line":26}},"branchMap":{"0":{"loc":{"start":{"line":31,"column":2},"end":{"line":33,"column":3}},"type":"if","locations":[{"start":{"line":31,"column":2},"end":{"line":33,"column":3}},{"start":{},"end":{}}],"line":31}},"s":{"0":0,"1":0,"2":0,"3":0,"4":0,"5":0,"6":0,"7":0,"8":0,"9":0,"10":0,"11":0,"12":0,"13":0,"14":0,"15":0,"16":0},"f":{"0":0,"1":0,"2":0,"3":0,"4":0},"b":{"0":[0,0]}}
,"C:\\Users\\sai\\Desktop\\New folder\\Reduxproject\\reduxWebsite\\src\\containers\\Shimmer.jsx": {"path":"C:\\Users\\sai\\Desktop\\New folder\\Reduxproject\\reduxWebsite\\src\\containers\\Shimmer.jsx","statementMap":{"0":{"start":{"line":7,"column":16},"end":{"line":13,"column":1}},"1":{"start":{"line":8,"column":2},"end":{"line":12,"column":4}}},"fnMap":{"0":{"name":"(anonymous_0)","decl":{"start":{"line":7,"column":16},"end":{"line":7,"column":17}},"loc":{"start":{"line":7,"column":22},"end":{"line":13,"column":1}},"line":7}},"branchMap":{},"s":{"0":0,"1":0},"f":{"0":0},"b":{}}
,"C:\\Users\\sai\\Desktop\\New folder\\Reduxproject\\reduxWebsite\\src\\containers\\Cart\\Cart.jsx": {"path":"C:\\Users\\sai\\Desktop\\New folder\\Reduxproject\\reduxWebsite\\src\\containers\\Cart\\Cart.jsx","statementMap":{"0":{"start":{"line":12,"column":2},"end":{"line":16,"column":3}}},"fnMap":{"0":{"name":"Cart","decl":{"start":{"line":10,"column":9},"end":{"line":10,"column":13}},"loc":{"start":{"line":10,"column":16},"end":{"line":17,"column":1}},"line":10}},"branchMap":{},"s":{"0":0},"f":{"0":0},"b":{}}
,"C:\\Users\\sai\\Desktop\\New folder\\Reduxproject\\reduxWebsite\\src\\containers\\HeaderComponet\\HeaderComponents.jsx": {"path":"C:\\Users\\sai\\Desktop\\New folder\\Reduxproject\\reduxWebsite\\src\\containers\\HeaderComponet\\HeaderComponents.jsx","statementMap":{"0":{"start":{"line":6,"column":2},"end":{"line":15,"column":4}}},"fnMap":{"0":{"name":"HeaderComponents","decl":{"start":{"line":5,"column":9},"end":{"line":5,"column":25}},"loc":{"start":{"line":5,"column":55},"end":{"line":16,"column":1}},"line":5}},"branchMap":{},"s":{"0":0},"f":{"0":0},"b":{}}
,"C:\\Users\\sai\\Desktop\\New folder\\Reduxproject\\reduxWebsite\\src\\containers\\Login\\Login.jsx": {"path":"C:\\Users\\sai\\Desktop\\New folder\\Reduxproject\\reduxWebsite\\src\\containers\\Login\\Login.jsx","statementMap":{"0":{"start":{"line":4,"column":2},"end":{"line":6,"column":3}}},"fnMap":{"0":{"name":"Login","decl":{"start":{"line":3,"column":9},"end":{"line":3,"column":14}},"loc":{"start":{"line":3,"column":17},"end":{"line":7,"column":1}},"line":3}},"branchMap":{},"s":{"0":0},"f":{"0":0},"b":{}}
,"C:\\Users\\sai\\Desktop\\New folder\\Reduxproject\\reduxWebsite\\src\\containers\\NavItems\\NavItems.jsx": {"path":"C:\\Users\\sai\\Desktop\\New folder\\Reduxproject\\reduxWebsite\\src\\containers\\NavItems\\NavItems.jsx","statementMap":{"0":{"start":{"line":17,"column":16},"end":{"line":24,"column":3}},"1":{"start":{"line":26,"column":28},"end":{"line":31,"column":4}},"2":{"start":{"line":33,"column":23},"end":{"line":42,"column":3}},"3":{"start":{"line":33,"column":41},"end":{"line":42,"column":3}},"4":{"start":{"line":34,"column":4},"end":{"line":39,"column":5}},"5":{"start":{"line":38,"column":6},"end":{"line":38,"column":13}},"6":{"start":{"line":41,"column":4},"end":{"line":41,"column":43}},"7":{"start":{"line":44,"column":15},"end":{"line":73,"column":3}},"8":{"start":{"line":45,"column":4},"end":{"line":72,"column":10}},"9":{"start":{"line":53,"column":10},"end":{"line":58,"column":21}},"10":{"start":{"line":64,"column":10},"end":{"line":69,"column":21}},"11":{"start":{"line":75,"column":2},"end":{"line":104,"column":4}},"12":{"start":{"line":80,"column":10},"end":{"line":89,"column":27}},"13":{"start":{"line":94,"column":10},"end":{"line":97,"column":15}}},"fnMap":{"0":{"name":"NavItems","decl":{"start":{"line":16,"column":9},"end":{"line":16,"column":17}},"loc":{"start":{"line":16,"column":20},"end":{"line":105,"column":1}},"line":16},"1":{"name":"(anonymous_1)","decl":{"start":{"line":33,"column":23},"end":{"line":33,"column":24}},"loc":{"start":{"line":33,"column":41},"end":{"line":42,"column":3}},"line":33},"2":{"name":"(anonymous_2)","decl":{"start":{"line":33,"column":41},"end":{"line":33,"column":42}},"loc":{"start":{"line":33,"column":52},"end":{"line":42,"column":3}},"line":33},"3":{"name":"(anonymous_3)","decl":{"start":{"line":44,"column":15},"end":{"line":44,"column":16}},"loc":{"start":{"line":45,"column":4},"end":{"line":72,"column":10}},"line":45},"4":{"name":"(anonymous_4)","decl":{"start":{"line":52,"column":68},"end":{"line":52,"column":69}},"loc":{"start":{"line":53,"column":10},"end":{"line":58,"column":21}},"line":53},"5":{"name":"(anonymous_5)","decl":{"start":{"line":63,"column":43},"end":{"line":63,"column":44}},"loc":{"start":{"line":64,"column":10},"end":{"line":69,"column":21}},"line":64},"6":{"name":"(anonymous_6)","decl":{"start":{"line":79,"column":21},"end":{"line":79,"column":22}},"loc":{"start":{"line":80,"column":10},"end":{"line":89,"column":27}},"line":80},"7":{"name":"(anonymous_7)","decl":{"start":{"line":93,"column":19},"end":{"line":93,"column":20}},"loc":{"start":{"line":94,"column":10},"end":{"line":97,"column":15}},"line":94}},"branchMap":{"0":{"loc":{"start":{"line":34,"column":4},"end":{"line":39,"column":5}},"type":"if","locations":[{"start":{"line":34,"column":4},"end":{"line":39,"column":5}},{"start":{},"end":{}}],"line":34},"1":{"loc":{"start":{"line":35,"column":6},"end":{"line":36,"column":52}},"type":"binary-expr","locations":[{"start":{"line":35,"column":6},"end":{"line":35,"column":30}},{"start":{"line":36,"column":7},"end":{"line":36,"column":26}},{"start":{"line":36,"column":30},"end":{"line":36,"column":51}}],"line":35},"2":{"loc":{"start":{"line":46,"column":19},"end":{"line":46,"column":73}},"type":"cond-expr","locations":[{"start":{"line":46,"column":61},"end":{"line":46,"column":67}},{"start":{"line":46,"column":70},"end":{"line":46,"column":73}}],"line":46},"3":{"loc":{"start":{"line":46,"column":19},"end":{"line":46,"column":58}},"type":"binary-expr","locations":[{"start":{"line":46,"column":19},"end":{"line":46,"column":35}},{"start":{"line":46,"column":39},"end":{"line":46,"column":58}}],"line":46}},"s":{"0":0,"1":0,"2":0,"3":0,"4":0,"5":0,"6":0,"7":0,"8":0,"9":0,"10":0,"11":0,"12":0,"13":0},"f":{"0":0,"1":0,"2":0,"3":0,"4":0,"5":0,"6":0,"7":0},"b":{"0":[0,0],"1":[0,0,0],"2":[0,0],"3":[0,0]}}
,"C:\\Users\\sai\\Desktop\\New folder\\Reduxproject\\reduxWebsite\\src\\containers\\Slick\\Slick.jsx": {"path":"C:\\Users\\sai\\Desktop\\New folder\\Reduxproject\\reduxWebsite\\src\\containers\\Slick\\Slick.jsx","statementMap":{"0":{"start":{"line":8,"column":21},"end":{"line":14,"column":5}},"1":{"start":{"line":15,"column":4},"end":{"line":39,"column":6}}},"fnMap":{"0":{"name":"(anonymous_0)","decl":{"start":{"line":7,"column":2},"end":{"line":7,"column":3}},"loc":{"start":{"line":7,"column":11},"end":{"line":40,"column":3}},"line":7}},"branchMap":{},"s":{"0":0,"1":0},"f":{"0":0},"b":{}}
,"C:\\Users\\sai\\Desktop\\New folder\\Reduxproject\\reduxWebsite\\src\\redux\\store.js": {"path":"C:\\Users\\sai\\Desktop\\New folder\\Reduxproject\\reduxWebsite\\src\\redux\\store.js","statementMap":{"0":{"start":{"line":5,"column":26},"end":{"line":5,"column":80}},"1":{"start":{"line":8,"column":14},"end":{"line":8,"column":76}}},"fnMap":{},"branchMap":{"0":{"loc":{"start":{"line":5,"column":26},"end":{"line":5,"column":80}},"type":"binary-expr","locations":[{"start":{"line":5,"column":26},"end":{"line":5,"column":69}},{"start":{"line":5,"column":73},"end":{"line":5,"column":80}}],"line":5}},"s":{"0":0,"1":0},"f":{},"b":{"0":[0,0]}}
,"C:\\Users\\sai\\Desktop\\New folder\\Reduxproject\\reduxWebsite\\src\\redux\\actions\\productActions.js": {"path":"C:\\Users\\sai\\Desktop\\New folder\\Reduxproject\\reduxWebsite\\src\\redux\\actions\\productActions.js","statementMap":{"0":{"start":{"line":10,"column":27},"end":{"line":15,"column":1}},"1":{"start":{"line":11,"column":2},"end":{"line":14,"column":4}},"2":{"start":{"line":17,"column":32},"end":{"line":22,"column":1}},"3":{"start":{"line":18,"column":2},"end":{"line":21,"column":4}},"4":{"start":{"line":24,"column":37},"end":{"line":28,"column":1}},"5":{"start":{"line":25,"column":2},"end":{"line":27,"column":4}},"6":{"start":{"line":30,"column":29},"end":{"line":35,"column":1}},"7":{"start":{"line":31,"column":2},"end":{"line":34,"column":4}},"8":{"start":{"line":32,"column":21},"end":{"line":32,"column":47}},"9":{"start":{"line":33,"column":4},"end":{"line":33,"column":63}}},"fnMap":{"0":{"name":"(anonymous_0)","decl":{"start":{"line":10,"column":27},"end":{"line":10,"column":28}},"loc":{"start":{"line":10,"column":41},"end":{"line":15,"column":1}},"line":10},"1":{"name":"(anonymous_1)","decl":{"start":{"line":17,"column":32},"end":{"line":17,"column":33}},"loc":{"start":{"line":17,"column":45},"end":{"line":22,"column":1}},"line":17},"2":{"name":"(anonymous_2)","decl":{"start":{"line":24,"column":37},"end":{"line":24,"column":38}},"loc":{"start":{"line":24,"column":51},"end":{"line":28,"column":1}},"line":24},"3":{"name":"(anonymous_3)","decl":{"start":{"line":30,"column":29},"end":{"line":30,"column":30}},"loc":{"start":{"line":30,"column":35},"end":{"line":35,"column":1}},"line":30},"4":{"name":"(anonymous_4)","decl":{"start":{"line":31,"column":2},"end":{"line":31,"column":3}},"loc":{"start":{"line":31,"column":21},"end":{"line":34,"column":3}},"line":31}},"branchMap":{},"s":{"0":0,"1":0,"2":0,"3":0,"4":0,"5":0,"6":0,"7":0,"8":0,"9":0},"f":{"0":0,"1":0,"2":0,"3":0,"4":0},"b":{}}
,"C:\\Users\\sai\\Desktop\\New folder\\Reduxproject\\reduxWebsite\\src\\redux\\constants\\action-types.js": {"path":"C:\\Users\\sai\\Desktop\\New folder\\Reduxproject\\reduxWebsite\\src\\redux\\constants\\action-types.js","statementMap":{"0":{"start":{"line":3,"column":28},"end":{"line":3,"column":44}},"1":{"start":{"line":4,"column":28},"end":{"line":4,"column":42}},"2":{"start":{"line":5,"column":32},"end":{"line":5,"column":50}},"3":{"start":{"line":6,"column":40},"end":{"line":6,"column":65}}},"fnMap":{},"branchMap":{},"s":{"0":0,"1":0,"2":0,"3":0},"f":{},"b":{}}
,"C:\\Users\\sai\\Desktop\\New folder\\Reduxproject\\reduxWebsite\\src\\redux\\reducers\\index.js": {"path":"C:\\Users\\sai\\Desktop\\New folder\\Reduxproject\\reduxWebsite\\src\\redux\\reducers\\index.js","statementMap":{"0":{"start":{"line":4,"column":17},"end":{"line":7,"column":2}}},"fnMap":{},"branchMap":{},"s":{"0":0},"f":{},"b":{}}
,"C:\\Users\\sai\\Desktop\\New folder\\Reduxproject\\reduxWebsite\\src\\redux\\reducers\\productReducer.js": {"path":"C:\\Users\\sai\\Desktop\\New folder\\Reduxproject\\reduxWebsite\\src\\redux\\reducers\\productReducer.js","statementMap":{"0":{"start":{"line":3,"column":21},"end":{"line":5,"column":1}},"1":{"start":{"line":7,"column":30},"end":{"line":17,"column":1}},"2":{"start":{"line":8,"column":2},"end":{"line":16,"column":3}},"3":{"start":{"line":10,"column":6},"end":{"line":10,"column":50}},"4":{"start":{"line":13,"column":6},"end":{"line":13,"column":50}},"5":{"start":{"line":15,"column":6},"end":{"line":15,"column":19}},"6":{"start":{"line":19,"column":36},"end":{"line":30,"column":1}},"7":{"start":{"line":20,"column":2},"end":{"line":29,"column":3}},"8":{"start":{"line":22,"column":6},"end":{"line":22,"column":44}},"9":{"start":{"line":26,"column":10},"end":{"line":26,"column":20}},"10":{"start":{"line":28,"column":6},"end":{"line":28,"column":19}}},"fnMap":{"0":{"name":"(anonymous_0)","decl":{"start":{"line":7,"column":30},"end":{"line":7,"column":31}},"loc":{"start":{"line":7,"column":62},"end":{"line":17,"column":1}},"line":7},"1":{"name":"(anonymous_1)","decl":{"start":{"line":19,"column":36},"end":{"line":19,"column":37}},"loc":{"start":{"line":19,"column":58},"end":{"line":30,"column":1}},"line":19}},"branchMap":{"0":{"loc":{"start":{"line":7,"column":31},"end":{"line":7,"column":49}},"type":"default-arg","locations":[{"start":{"line":7,"column":37},"end":{"line":7,"column":49}}],"line":7},"1":{"loc":{"start":{"line":8,"column":2},"end":{"line":16,"column":3}},"type":"switch","locations":[{"start":{"line":9,"column":4},"end":{"line":10,"column":50}},{"start":{"line":12,"column":6},"end":{"line":13,"column":50}},{"start":{"line":14,"column":4},"end":{"line":15,"column":19}}],"line":8},"2":{"loc":{"start":{"line":19,"column":37},"end":{"line":19,"column":45}},"type":"default-arg","locations":[{"start":{"line":19,"column":43},"end":{"line":19,"column":45}}],"line":19},"3":{"loc":{"start":{"line":20,"column":2},"end":{"line":29,"column":3}},"type":"switch","locations":[{"start":{"line":21,"column":4},"end":{"line":22,"column":44}},{"start":{"line":25,"column":8},"end":{"line":26,"column":20}},{"start":{"line":27,"column":4},"end":{"line":28,"column":19}}],"line":20}},"s":{"0":0,"1":0,"2":0,"3":0,"4":0,"5":0,"6":0,"7":0,"8":0,"9":0,"10":0},"f":{"0":0,"1":0},"b":{"0":[0],"1":[0,0,0],"2":[0],"3":[0,0,0]}}
}
